<?xml version="1.0" encoding="UTF-8"?>
<!-- Generated by org.testng.reporters.JUnitXMLReporter -->
<testsuite ignored="0" hostname="MCSW69SLPC0022" failures="2" tests="11" name="Test" time="1019.292" errors="0" timestamp="2025-02-03T15:14:08 IST">
  <testcase classname="testScripts.TC_01_AddingProductTOCart" name="TestCase" time="44.023">
    <failure type="org.openqa.selenium.TimeoutException" message="Expected condition failed: waiting for visibility of [[EdgeDriver: MicrosoftEdge on windows (31ef2a949897577a76315d85571cad49)] -&amp;gt; xpath: //li[@class=&amp;apos;linklist__item&amp;apos;]//a[text()=&amp;apos;AC Comforter&amp;apos;]] (tried for 20 second(s) with 500 milliseconds interval)
Build info: version: &amp;apos;4.27.0&amp;apos;, revision: &amp;apos;d6e718d134&amp;apos;
System info: os.name: &amp;apos;Windows 11&amp;apos;, os.arch: &amp;apos;amd64&amp;apos;, os.version: &amp;apos;10.0&amp;apos;, java.version: &amp;apos;21.0.3&amp;apos;
Driver info: org.openqa.selenium.edge.EdgeDriver
Capabilities {acceptInsecureCerts: false, browserName: MicrosoftEdge, browserVersion: 132.0.2957.127, fedcm:accounts: true, ms:edgeOptions: {debuggerAddress: localhost:60520}, msedge: {msedgedriverVersion: 132.0.2957.140 (a81e27b375d..., userDataDir: C:\Users\SS114157\AppData\L...}, networkConnectionEnabled: false, pageLoadStrategy: normal, platformName: windows, proxy: Proxy(), se:cdp: ws://localhost:60520/devtoo..., se:cdpVersion: 132.0.2957.127, setWindowRect: true, strictFileInteractability: false, timeouts: {implicit: 0, pageLoad: 300000, script: 30000}, unhandledPromptBehavior: dismiss and notify, webauthn:extension:credBlob: true, webauthn:extension:largeBlob: true, webauthn:extension:minPinLength: true, webauthn:extension:prf: true, webauthn:virtualAuthenticators: true}
Session ID: 31ef2a949897577a76315d85571cad49">
      <![CDATA[org.openqa.selenium.TimeoutException: Expected condition failed: waiting for visibility of [[EdgeDriver: MicrosoftEdge on windows (31ef2a949897577a76315d85571cad49)] -> xpath: //li[@class='linklist__item']//a[text()='AC Comforter']] (tried for 20 second(s) with 500 milliseconds interval)
Build info: version: '4.27.0', revision: 'd6e718d134'
System info: os.name: 'Windows 11', os.arch: 'amd64', os.version: '10.0', java.version: '21.0.3'
Driver info: org.openqa.selenium.edge.EdgeDriver
Capabilities {acceptInsecureCerts: false, browserName: MicrosoftEdge, browserVersion: 132.0.2957.127, fedcm:accounts: true, ms:edgeOptions: {debuggerAddress: localhost:60520}, msedge: {msedgedriverVersion: 132.0.2957.140 (a81e27b375d..., userDataDir: C:\Users\SS114157\AppData\L...}, networkConnectionEnabled: false, pageLoadStrategy: normal, platformName: windows, proxy: Proxy(), se:cdp: ws://localhost:60520/devtoo..., se:cdpVersion: 132.0.2957.127, setWindowRect: true, strictFileInteractability: false, timeouts: {implicit: 0, pageLoad: 300000, script: 30000}, unhandledPromptBehavior: dismiss and notify, webauthn:extension:credBlob: true, webauthn:extension:largeBlob: true, webauthn:extension:minPinLength: true, webauthn:extension:prf: true, webauthn:virtualAuthenticators: true}
Session ID: 31ef2a949897577a76315d85571cad49
at org.openqa.selenium.support.ui.WebDriverWait.timeoutException(WebDriverWait.java:84)
at org.openqa.selenium.support.ui.FluentWait.until(FluentWait.java:228)
at genericLibraries.WebDriverUtilities.waitElement(WebDriverUtilities.java:102)
at pom.NavBar.clickAcComforter(NavBar.java:48)
at testScripts.TC_01_AddingProductTOCart.TestCase(TC_01_AddingProductTOCart.java:53)
at java.base/java.util.ArrayList.forEach(ArrayList.java:1596)
... Removed 25 stack frames]]>
    </failure>
  </testcase> <!-- TestCase -->
  <testcase classname="testScripts.TC_02" name="testCase2" time="49.724">
    <failure type="org.openqa.selenium.ElementNotInteractableException" message="element not interactable
  (Session info: MicrosoftEdge=132.0.2957.127)
Build info: version: &amp;apos;4.27.0&amp;apos;, revision: &amp;apos;d6e718d134&amp;apos;
System info: os.name: &amp;apos;Windows 11&amp;apos;, os.arch: &amp;apos;amd64&amp;apos;, os.version: &amp;apos;10.0&amp;apos;, java.version: &amp;apos;21.0.3&amp;apos;
Driver info: org.openqa.selenium.edge.EdgeDriver
Command: [1b693e3124d8b9216699e0894d7d3c88, sendKeysToElement {value=[Ljava.lang.CharSequence;@536d97f8, id=f.0F674BEA609A3596CDEECD354B6B6E4E.d.918498094E2A1A8248D69054B4F6E480.e.76}]
Capabilities {acceptInsecureCerts: false, browserName: MicrosoftEdge, browserVersion: 132.0.2957.127, fedcm:accounts: true, ms:edgeOptions: {debuggerAddress: localhost:60819}, msedge: {msedgedriverVersion: 132.0.2957.140 (a81e27b375d..., userDataDir: C:\Users\SS114157\AppData\L...}, networkConnectionEnabled: false, pageLoadStrategy: normal, platformName: windows, proxy: Proxy(), se:cdp: ws://localhost:60819/devtoo..., se:cdpVersion: 132.0.2957.127, setWindowRect: true, strictFileInteractability: false, timeouts: {implicit: 0, pageLoad: 300000, script: 30000}, unhandledPromptBehavior: dismiss and notify, webauthn:extension:credBlob: true, webauthn:extension:largeBlob: true, webauthn:extension:minPinLength: true, webauthn:extension:prf: true, webauthn:virtualAuthenticators: true}
Element: [[EdgeDriver: MicrosoftEdge on windows (1b693e3124d8b9216699e0894d7d3c88)] -&amp;gt; name: q]
Session ID: 1b693e3124d8b9216699e0894d7d3c88">
      <![CDATA[org.openqa.selenium.ElementNotInteractableException: element not interactable
  (Session info: MicrosoftEdge=132.0.2957.127)
Build info: version: '4.27.0', revision: 'd6e718d134'
System info: os.name: 'Windows 11', os.arch: 'amd64', os.version: '10.0', java.version: '21.0.3'
Driver info: org.openqa.selenium.edge.EdgeDriver
Command: [1b693e3124d8b9216699e0894d7d3c88, sendKeysToElement {value=[Ljava.lang.CharSequence;@536d97f8, id=f.0F674BEA609A3596CDEECD354B6B6E4E.d.918498094E2A1A8248D69054B4F6E480.e.76}]
Capabilities {acceptInsecureCerts: false, browserName: MicrosoftEdge, browserVersion: 132.0.2957.127, fedcm:accounts: true, ms:edgeOptions: {debuggerAddress: localhost:60819}, msedge: {msedgedriverVersion: 132.0.2957.140 (a81e27b375d..., userDataDir: C:\Users\SS114157\AppData\L...}, networkConnectionEnabled: false, pageLoadStrategy: normal, platformName: windows, proxy: Proxy(), se:cdp: ws://localhost:60819/devtoo..., se:cdpVersion: 132.0.2957.127, setWindowRect: true, strictFileInteractability: false, timeouts: {implicit: 0, pageLoad: 300000, script: 30000}, unhandledPromptBehavior: dismiss and notify, webauthn:extension:credBlob: true, webauthn:extension:largeBlob: true, webauthn:extension:minPinLength: true, webauthn:extension:prf: true, webauthn:virtualAuthenticators: true}
Element: [[EdgeDriver: MicrosoftEdge on windows (1b693e3124d8b9216699e0894d7d3c88)] -> name: q]
Session ID: 1b693e3124d8b9216699e0894d7d3c88
at org.openqa.selenium.remote.ErrorCodec.decode(ErrorCodec.java:167)
at org.openqa.selenium.remote.codec.w3c.W3CHttpResponseCodec.decode(W3CHttpResponseCodec.java:138)
at org.openqa.selenium.remote.codec.w3c.W3CHttpResponseCodec.decode(W3CHttpResponseCodec.java:50)
at org.openqa.selenium.remote.HttpCommandExecutor.execute(HttpCommandExecutor.java:190)
at org.openqa.selenium.remote.service.DriverCommandExecutor.invokeExecute(DriverCommandExecutor.java:216)
at org.openqa.selenium.remote.service.DriverCommandExecutor.execute(DriverCommandExecutor.java:174)
at org.openqa.selenium.remote.RemoteWebDriver.execute(RemoteWebDriver.java:545)
at org.openqa.selenium.remote.RemoteWebElement.execute(RemoteWebElement.java:223)
at org.openqa.selenium.remote.RemoteWebElement.sendKeys(RemoteWebElement.java:110)
at org.openqa.selenium.support.pagefactory.internal.LocatingElementHandler.invoke(LocatingElementHandler.java:51)
at jdk.proxy2/jdk.proxy2.$Proxy15.sendKeys(Unknown Source)
at pom.NavBar.searchBoxField(NavBar.java:125)
at testScripts.TC_02.testCase2(TC_02.java:48)
at java.base/java.util.ArrayList.forEach(ArrayList.java:1596)
... Removed 30 stack frames]]>
    </failure>
  </testcase> <!-- testCase2 -->
  <testcase classname="testScripts.TC_03" name="testCase3" time="54.311"/>
  <testcase classname="testScripts.TC_04" name="testCase4" time="57.913"/>
  <testcase classname="testScripts.TC_05" name="testCase04" time="78.705"/>
  <testcase classname="testScripts.TC_10" name="testCase10" time="84.183"/>
  <testcase classname="testScripts.TC_06" name="testCase06" time="37.785"/>
  <testcase classname="testScripts.TC_07" name="testCase07" time="57.908"/>
  <testcase classname="testScripts.TC_08" name="testCase08" time="41.211"/>
  <testcase classname="testScripts.TC_09" name="testCase09" time="69.855"/>
  <testcase classname="testScripts.TC_09" name="testCase10" time="4.014"/>
</testsuite> <!-- Test -->
